<?xml version="1.0" encoding="UTF-8"?>
<!-- Generated by org.testng.reporters.JUnitReportReporter -->
<testsuite hostname="IB-Pune-LAP-358" failures="0" tests="5" name="ecommerceTests.Login" time="8.278" errors="0" timestamp="15 Nov 2022 06:20:31 GMT" skipped="0">
  <testcase classname="ecommerceTests.Login" name="logintest" time="4.091"/>
  <testcase classname="ecommerceTests.Login" name="createproduct" time="2.021"/>
  <testcase classname="ecommerceTests.Login" name="createorder" time="0.899"/>
  <testcase classname="ecommerceTests.Login" name="getorder" time="0.589"/>
  <testcase classname="ecommerceTests.Login" name="deleteproduct" time="0.678"/>
</testsuite> <!-- ecommerceTests.Login -->
