<?xml version="1.0" encoding="UTF-8"?>
<!-- Generated by org.testng.reporters.JUnitReportReporter -->
<testsuite hostname="IB-Pune-LAP-358" failures="0" tests="1" name="Sampleproject.Test02" time="2.637" errors="0" timestamp="31 Oct 2022 11:23:14 GMT" skipped="0">
  <testcase classname="Sampleproject.Test02" name="get3" time="2.637"/>
</testsuite> <!-- Sampleproject.Test02 -->
