<?xml version="1.0" encoding="UTF-8"?>
<!-- Generated by org.testng.reporters.JUnitReportReporter -->
<testsuite hostname="IB-Pune-LAP-358" failures="0" tests="3" name="Sampleproject.Dataprovider" time="1.910" errors="0" timestamp="02 Nov 2022 09:13:25 GMT" skipped="0">
  <testcase classname="Sampleproject.Dataprovider" name="addbook" time="0.109"/>
  <testcase classname="Sampleproject.Dataprovider" name="addbook" time="0.097"/>
  <testcase classname="Sampleproject.Dataprovider" name="addbook" time="1.704"/>
</testsuite> <!-- Sampleproject.Dataprovider -->
