<?xml version="1.0" encoding="UTF-8"?>
<!-- Generated by org.testng.reporters.JUnitReportReporter -->
<testsuite hostname="IB-Pune-LAP-358" failures="0" tests="2" name="Sampleproject.Test01Get" time="3.522" errors="0" timestamp="31 Oct 2022 11:13:00 GMT" skipped="0">
  <testcase classname="Sampleproject.Test01Get" name="get2" time="1.327"/>
  <testcase classname="Sampleproject.Test01Get" name="get1" time="2.195"/>
</testsuite> <!-- Sampleproject.Test01Get -->
