<?xml version="1.0" encoding="UTF-8"?>
<!-- Generated by org.testng.reporters.JUnitReportReporter -->
<testsuite hostname="IB-Pune-LAP-358" failures="0" tests="1" name="ecommerceTests.Login1" time="3.585" errors="0" timestamp="14 Nov 2022 13:10:05 GMT" skipped="0">
  <testcase classname="ecommerceTests.Login1" name="logintest" time="3.585"/>
</testsuite> <!-- ecommerceTests.Login1 -->
