<?xml version="1.0" encoding="UTF-8"?>
<!-- Generated by org.testng.reporters.JUnitReportReporter -->
<testsuite hostname="IB-Pune-LAP-358" failures="0" tests="1" name="Sampleproject.Verifysum" time="1.545" errors="0" timestamp="02 Nov 2022 06:40:04 GMT" skipped="0">
  <testcase classname="Sampleproject.Verifysum" name="test" time="1.545"/>
</testsuite> <!-- Sampleproject.Verifysum -->
