<?xml version="1.0" encoding="UTF-8"?>
<!-- Generated by org.testng.reporters.JUnitReportReporter -->
<testsuite hostname="IB-Pune-LAP-358" failures="0" tests="4" name="Sampleproject.Test_Post" time="4.332" errors="0" timestamp="31 Oct 2022 12:05:37 GMT" skipped="0">
  <testcase classname="Sampleproject.Test_Post" name="post" time="2.481"/>
  <testcase classname="Sampleproject.Test_Post" name="test3pATCH" time="0.633"/>
  <testcase classname="Sampleproject.Test_Post" name="test2put" time="0.660"/>
  <testcase classname="Sampleproject.Test_Post" name="test4DELETE" time="0.558"/>
</testsuite> <!-- Sampleproject.Test_Post -->
