<?xml version="1.0" encoding="UTF-8"?>
<!-- Generated by org.testng.reporters.JUnitReportReporter -->
<testsuite hostname="IB-Pune-LAP-358" failures="0" tests="1" name="chain.Login1" time="5.573" errors="0" timestamp="15 Nov 2022 08:24:12 GMT" skipped="0">
  <testcase classname="chain.Login1" name="logintest" time="5.573"/>
</testsuite> <!-- chain.Login1 -->
