<?xml version="1.0" encoding="UTF-8"?>
<!-- Generated by org.testng.reporters.JUnitReportReporter -->
<testsuite hostname="IB-Pune-LAP-358" failures="0" tests="4" name="sas.Login" time="5.668" errors="0" timestamp="14 Nov 2022 06:27:18 GMT" skipped="0">
  <testcase classname="sas.Login" name="logintest" time="3.767"/>
  <testcase classname="sas.Login" name="createproduct" time="0.788"/>
  <testcase classname="sas.Login" name="createorder" time="0.471"/>
  <testcase classname="sas.Login" name="getorder" time="0.642"/>
</testsuite> <!-- sas.Login -->
